build/app/intermediates/manifest_merge_blame_file/debug/manifest-merger-blame-debug-report.txt
1<?xml version="1.0" encoding="utf-8"?>
2<manifest xmlns:android="http://schemas.android.com/apk/res/android"
3    package="com.example.sample_tasks"
4    android:versionCode="1"
5    android:versionName="1.0.0" >
6
7    <uses-sdk
8        android:minSdkVersion="21"
9        android:targetSdkVersion="33" />
10    <!--
11         The INTERNET permission is required for development. Specifically,
12         the Flutter tool needs it to communicate with the running application
13         to allow setting breakpoints, to provide hot reload, etc.
14    -->
15    <uses-permission android:name="android.permission.INTERNET" />
15-->src/main/AndroidManifest.xml:2:1-63
15-->src/main/AndroidManifest.xml:2:18-60
16    <uses-permission android:name="android.permission.ACCESS_FINE_LOCATION" />
16-->src/main/AndroidManifest.xml:3:1-75
16-->src/main/AndroidManifest.xml:3:18-72
17    <uses-permission android:name="android.permission.ACCESS_COARSE_LOCATION" />
17-->src/main/AndroidManifest.xml:4:1-77
17-->src/main/AndroidManifest.xml:4:18-74
18    <uses-permission android:name="android.permission.RECORD_AUDIO" />
18-->src/main/AndroidManifest.xml:5:1-67
18-->src/main/AndroidManifest.xml:5:18-64
19    <uses-permission android:name="android.permission.FOREGROUND_SERVICE" />
19-->src/main/AndroidManifest.xml:6:1-73
19-->src/main/AndroidManifest.xml:6:18-70
20    <uses-permission android:name="android.permission.BLUETOOTH" />
20-->[com.github.canardoux:flutter_sound_core:8.5.0] AndroidManifest.xml:11:5-68
20-->[com.github.canardoux:flutter_sound_core:8.5.0] AndroidManifest.xml:11:22-65
21    <uses-permission android:name="android.permission.WAKE_LOCK" />
21-->[com.github.canardoux:flutter_sound_core:8.5.0] AndroidManifest.xml:12:5-68
21-->[com.github.canardoux:flutter_sound_core:8.5.0] AndroidManifest.xml:12:22-65
22    <uses-permission android:name="android.permission.MODIFY_AUDIO_SETTINGS" /> <!-- Include required permissions for Google Maps API to run. -->
22-->[com.github.canardoux:flutter_sound_core:8.5.0] AndroidManifest.xml:13:5-80
22-->[com.github.canardoux:flutter_sound_core:8.5.0] AndroidManifest.xml:13:22-77
23    <uses-permission android:name="android.permission.ACCESS_NETWORK_STATE" />
23-->[com.google.android.gms:play-services-maps:18.1.0] AndroidManifest.xml:23:5-79
23-->[com.google.android.gms:play-services-maps:18.1.0] AndroidManifest.xml:23:22-76
24
25    <uses-feature
25-->[com.google.android.gms:play-services-maps:18.1.0] AndroidManifest.xml:26:5-28:35
26        android:glEsVersion="0x00020000"
26-->[com.google.android.gms:play-services-maps:18.1.0] AndroidManifest.xml:27:9-41
27        android:required="true" />
27-->[com.google.android.gms:play-services-maps:18.1.0] AndroidManifest.xml:28:9-32
28
29    <queries>
29-->[com.google.android.gms:play-services-maps:18.1.0] AndroidManifest.xml:30:5-34:15
30
31        <!-- Needs to be explicitly declared on Android R+ -->
32        <package android:name="com.google.android.apps.maps" />
32-->[com.google.android.gms:play-services-maps:18.1.0] AndroidManifest.xml:33:9-64
32-->[com.google.android.gms:play-services-maps:18.1.0] AndroidManifest.xml:33:18-61
33    </queries>
34
35    <permission
35-->[androidx.core:core:1.10.1] AndroidManifest.xml:22:5-24:47
36        android:name="com.example.sample_tasks.DYNAMIC_RECEIVER_NOT_EXPORTED_PERMISSION"
36-->[androidx.core:core:1.10.1] AndroidManifest.xml:23:9-81
37        android:protectionLevel="signature" />
37-->[androidx.core:core:1.10.1] AndroidManifest.xml:24:9-44
38
39    <uses-permission android:name="com.example.sample_tasks.DYNAMIC_RECEIVER_NOT_EXPORTED_PERMISSION" />
39-->[androidx.core:core:1.10.1] AndroidManifest.xml:26:5-97
39-->[androidx.core:core:1.10.1] AndroidManifest.xml:26:22-94
40
41    <application
42        android:name="android.app.Application"
43        android:appComponentFactory="androidx.core.app.CoreComponentFactory"
43-->[androidx.core:core:1.10.1] AndroidManifest.xml:28:18-86
44        android:debuggable="true"
45        android:icon="@mipmap/ic_launcher"
46        android:label="sample_tasks" >
47        <activity
48            android:name="com.example.sample_tasks.MainActivity"
49            android:configChanges="orientation|keyboardHidden|keyboard|screenSize|smallestScreenSize|locale|layoutDirection|fontScale|screenLayout|density|uiMode"
50            android:exported="true"
51            android:hardwareAccelerated="true"
52            android:launchMode="singleTop"
53            android:theme="@style/LaunchTheme"
54            android:windowSoftInputMode="adjustResize" >
55
56            <!--
57                 Specifies an Android theme to apply to this Activity as soon as
58                 the Android process has started. This theme is visible to the user
59                 while the Flutter UI initializes. After that, this theme continues
60                 to determine the Window background behind the Flutter UI.
61            -->
62            <meta-data
63                android:name="io.flutter.embedding.android.NormalTheme"
64                android:resource="@style/NormalTheme" />
65
66            <intent-filter>
67                <action android:name="android.intent.action.MAIN" />
68
69                <category android:name="android.intent.category.LAUNCHER" />
70            </intent-filter>
71        </activity>
72        <!--
73             Don't delete the meta-data below.
74             This is used by the Flutter tool to generate GeneratedPluginRegistrant.java
75        -->
76        <meta-data
77            android:name="flutterEmbedding"
78            android:value="2" />
79        <meta-data
80            android:name="com.google.android.geo.API_KEY"
81            android:value="AIzaSyDOfkwU_qXeidqsonuVuaDFdQW9Co1xs1c" />
82
83        <service
83-->[:geolocator_android] AndroidManifest.xml:10:9-14:56
84            android:name="com.baseflow.geolocator.GeolocatorLocationService"
84-->[:geolocator_android] AndroidManifest.xml:11:13-77
85            android:enabled="true"
85-->[:geolocator_android] AndroidManifest.xml:12:13-35
86            android:exported="false"
86-->[:geolocator_android] AndroidManifest.xml:13:13-37
87            android:foregroundServiceType="location" />
87-->[:geolocator_android] AndroidManifest.xml:14:13-53
88
89        <activity
89-->[:url_launcher_android] AndroidManifest.xml:10:9-13:74
90            android:name="io.flutter.plugins.urllauncher.WebViewActivity"
90-->[:url_launcher_android] AndroidManifest.xml:11:13-74
91            android:exported="false"
91-->[:url_launcher_android] AndroidManifest.xml:12:13-37
92            android:theme="@android:style/Theme.NoTitleBar.Fullscreen" />
92-->[:url_launcher_android] AndroidManifest.xml:13:13-71
93
94        <uses-library
94-->[androidx.window:window:1.0.0-beta04] AndroidManifest.xml:25:9-27:40
95            android:name="androidx.window.extensions"
95-->[androidx.window:window:1.0.0-beta04] AndroidManifest.xml:26:13-54
96            android:required="false" />
96-->[androidx.window:window:1.0.0-beta04] AndroidManifest.xml:27:13-37
97        <uses-library
97-->[androidx.window:window:1.0.0-beta04] AndroidManifest.xml:28:9-30:40
98            android:name="androidx.window.sidecar"
98-->[androidx.window:window:1.0.0-beta04] AndroidManifest.xml:29:13-51
99            android:required="false" />
99-->[androidx.window:window:1.0.0-beta04] AndroidManifest.xml:30:13-37
100
101        <receiver
101-->[com.github.canardoux:flutter_sound_core:8.5.0] AndroidManifest.xml:16:9-23:20
102            android:name="androidx.media.session.MediaButtonReceiver"
102-->[com.github.canardoux:flutter_sound_core:8.5.0] AndroidManifest.xml:17:13-70
103            android:exported="true" >
103-->[com.github.canardoux:flutter_sound_core:8.5.0] AndroidManifest.xml:18:13-36
104            <intent-filter>
104-->[com.github.canardoux:flutter_sound_core:8.5.0] AndroidManifest.xml:19:13-22:29
105                <action android:name="android.intent.action.MEDIA_BUTTON" />
105-->[com.github.canardoux:flutter_sound_core:8.5.0] AndroidManifest.xml:20:17-77
105-->[com.github.canardoux:flutter_sound_core:8.5.0] AndroidManifest.xml:20:25-74
106                <action android:name="android.media.AUDIO_BECOMING_NOISY" />
106-->[com.github.canardoux:flutter_sound_core:8.5.0] AndroidManifest.xml:21:17-77
106-->[com.github.canardoux:flutter_sound_core:8.5.0] AndroidManifest.xml:21:25-74
107            </intent-filter>
108        </receiver>
109
110        <service
110-->[com.github.canardoux:flutter_sound_core:8.5.0] AndroidManifest.xml:25:9-33:19
111            android:name="com.dooboolab.TauEngine.FlautoBackgroundAudioService"
111-->[com.github.canardoux:flutter_sound_core:8.5.0] AndroidManifest.xml:26:13-80
112            android:exported="true" >
112-->[com.github.canardoux:flutter_sound_core:8.5.0] AndroidManifest.xml:27:13-36
113            <intent-filter>
113-->[com.github.canardoux:flutter_sound_core:8.5.0] AndroidManifest.xml:28:13-32:29
114                <action android:name="android.intent.action.MEDIA_BUTTON" />
114-->[com.github.canardoux:flutter_sound_core:8.5.0] AndroidManifest.xml:20:17-77
114-->[com.github.canardoux:flutter_sound_core:8.5.0] AndroidManifest.xml:20:25-74
115                <action android:name="android.media.AUDIO_BECOMING_NOISY" />
115-->[com.github.canardoux:flutter_sound_core:8.5.0] AndroidManifest.xml:21:17-77
115-->[com.github.canardoux:flutter_sound_core:8.5.0] AndroidManifest.xml:21:25-74
116                <action android:name="android.media.browse.FlautoMediaBrowserService" />
116-->[com.github.canardoux:flutter_sound_core:8.5.0] AndroidManifest.xml:31:17-89
116-->[com.github.canardoux:flutter_sound_core:8.5.0] AndroidManifest.xml:31:25-86
117            </intent-filter>
118        </service> <!-- Needs to be explicitly declared on P+ -->
119        <uses-library
119-->[com.google.android.gms:play-services-maps:18.1.0] AndroidManifest.xml:39:9-41:40
120            android:name="org.apache.http.legacy"
120-->[com.google.android.gms:play-services-maps:18.1.0] AndroidManifest.xml:40:13-50
121            android:required="false" />
121-->[com.google.android.gms:play-services-maps:18.1.0] AndroidManifest.xml:41:13-37
122
123        <activity
123-->[com.google.android.gms:play-services-base:18.1.0] AndroidManifest.xml:20:9-22:45
124            android:name="com.google.android.gms.common.api.GoogleApiActivity"
124-->[com.google.android.gms:play-services-base:18.1.0] AndroidManifest.xml:20:19-85
125            android:exported="false"
125-->[com.google.android.gms:play-services-base:18.1.0] AndroidManifest.xml:22:19-43
126            android:theme="@android:style/Theme.Translucent.NoTitleBar" />
126-->[com.google.android.gms:play-services-base:18.1.0] AndroidManifest.xml:21:19-78
127
128        <meta-data
128-->[com.google.android.gms:play-services-basement:18.1.0] AndroidManifest.xml:21:9-23:69
129            android:name="com.google.android.gms.version"
129-->[com.google.android.gms:play-services-basement:18.1.0] AndroidManifest.xml:22:13-58
130            android:value="@integer/google_play_services_version" />
130-->[com.google.android.gms:play-services-basement:18.1.0] AndroidManifest.xml:23:13-66
131
132        <provider
132-->[androidx.emoji2:emoji2:1.2.0] AndroidManifest.xml:24:9-32:20
133            android:name="androidx.startup.InitializationProvider"
133-->[androidx.emoji2:emoji2:1.2.0] AndroidManifest.xml:25:13-67
134            android:authorities="com.example.sample_tasks.androidx-startup"
134-->[androidx.emoji2:emoji2:1.2.0] AndroidManifest.xml:26:13-68
135            android:exported="false" >
135-->[androidx.emoji2:emoji2:1.2.0] AndroidManifest.xml:27:13-37
136            <meta-data
136-->[androidx.emoji2:emoji2:1.2.0] AndroidManifest.xml:29:13-31:52
137                android:name="androidx.emoji2.text.EmojiCompatInitializer"
137-->[androidx.emoji2:emoji2:1.2.0] AndroidManifest.xml:30:17-75
138                android:value="androidx.startup" />
138-->[androidx.emoji2:emoji2:1.2.0] AndroidManifest.xml:31:17-49
139            <meta-data
139-->[androidx.lifecycle:lifecycle-process:2.4.1] AndroidManifest.xml:31:13-33:52
140                android:name="androidx.lifecycle.ProcessLifecycleInitializer"
140-->[androidx.lifecycle:lifecycle-process:2.4.1] AndroidManifest.xml:32:17-78
141                android:value="androidx.startup" />
141-->[androidx.lifecycle:lifecycle-process:2.4.1] AndroidManifest.xml:33:17-49
142        </provider>
143    </application>
144
145</manifest>